<?xml version="1.0" encoding="UTF-8"?>
<!-- Generated by org.testng.reporters.JUnitReportReporter -->
<testsuite hostname="Lenovo_Payal" failures="0" tests="6" name="EntrataTests.BaseTest" time="60.344" errors="0" timestamp="2024-10-25T14:12:52 IST" skipped="0">
  <testcase classname="EntrataTests.BaseTest" name="signup" time="14.324"/>
  <system-out/>
  <testcase classname="EntrataTests.BaseTest" name="login" time="7.650"/>
  <system-out/>
  <testcase classname="EntrataTests.BaseTest" name="reqDemo" time="14.592"/>
  <system-out/>
  <testcase classname="EntrataTests.BaseTest" name="verifyLogo" time="7.077"/>
  <system-out/>
  <testcase classname="EntrataTests.BaseTest" name="mouseHover" time="9.328"/>
  <system-out/>
  <testcase classname="EntrataTests.BaseTest" name="verifyTitle" time="7.373"/>
  <system-out/>
</testsuite> <!-- EntrataTests.BaseTest -->
