<?xml version="1.0" encoding="UTF-8"?>
<!-- Generated by org.testng.reporters.JUnitReportReporter -->
<testsuite hostname="Lenovo_Payal" failures="0" tests="1" name="EntrataTests.Listener" time="20.620" errors="0" timestamp="2024-10-23T23:47:37 IST" skipped="0">
  <testcase classname="EntrataTests.Listener" name="login" time="20.620"/>
  <system-out/>
</testsuite> <!-- EntrataTests.Listener -->
